<?xml version="1.0" encoding="UTF-8"?>
<testsuite name="com.thoughtworks.spotify.UserTest" tests="1" skipped="0" failures="0" errors="0" timestamp="2022-07-03T06:23:20" hostname="sandeepsingh1thoughtworkscoms-MacBook-Pro.local" time="0.027">
  <properties/>
  <testcase name="shouldBeAbleToCreateAPlaylist()" classname="com.thoughtworks.spotify.UserTest" time="0.027"/>
  <system-out><![CDATA[]]></system-out>
  <system-err><![CDATA[]]></system-err>
</testsuite>
