<?xml version="1.0" encoding="UTF-8"?>
<testsuite name="com.thoughtworks.spotify.UserTest" tests="2" skipped="0" failures="0" errors="0" timestamp="2022-07-03T08:40:52" hostname="sandeepsingh1thoughtworkscoms-MacBook-Pro.local" time="0.021">
  <properties/>
  <testcase name="shouldBeAbleToCreateAPlaylist()" classname="com.thoughtworks.spotify.UserTest" time="0.019"/>
  <testcase name="shouldBeAbleToSharePlaylistToAnotherUser()" classname="com.thoughtworks.spotify.UserTest" time="0.001"/>
  <system-out><![CDATA[]]></system-out>
  <system-err><![CDATA[]]></system-err>
</testsuite>
