<?xml version="1.0" encoding="UTF-8"?>
<testsuite name="com.thoughtworks.spotify.PlaylistTest" tests="1" skipped="0" failures="0" errors="0" timestamp="2022-07-03T06:37:07" hostname="sandeepsingh1thoughtworkscoms-MacBook-Pro.local" time="0.018">
  <properties/>
  <testcase name="shouldBeAbleToAddASongToThePlaylist()" classname="com.thoughtworks.spotify.PlaylistTest" time="0.018"/>
  <system-out><![CDATA[]]></system-out>
  <system-err><![CDATA[]]></system-err>
</testsuite>
