<?xml version="1.0" encoding="UTF-8"?>
<testsuite name="com.thoughtworks.spotify.PlaylistTest" tests="1" skipped="0" failures="0" errors="0" timestamp="2022-07-03T07:04:46" hostname="sandeepsingh1thoughtworkscoms-MacBook-Pro.local" time="0.019">
  <properties/>
  <testcase name="shouldReturnSongNotPresentExceptionWhenSongNotPresentInThePlaylistIsDeleted()" classname="com.thoughtworks.spotify.PlaylistTest" time="0.019"/>
  <system-out><![CDATA[]]></system-out>
  <system-err><![CDATA[]]></system-err>
</testsuite>
